<?xml version="1.0" encoding="UTF-8"?>
<!-- Generated by org.testng.reporters.JUnitReportReporter -->
<testsuite hostname="UC224632-TPL-A" name="com.san.newreport.TestClass" tests="3" failures="0" timestamp="3 Feb 2017 05:31:14 GMT" time="0.012" errors="0">
  <testcase name="test2" time="0.001" classname="com.san.newreport.TestClass"/>
  <testcase name="test3" time="0.002" classname="com.san.newreport.TestClass"/>
  <testcase name="test1" time="0.009" classname="com.san.newreport.TestClass"/>
</testsuite> <!-- com.san.newreport.TestClass -->
