<?xml version="1.0" encoding="UTF-8"?>
<!-- Generated by org.testng.reporters.JUnitReportReporter -->
<testsuite hostname="U6016984-TPL-A" name="com.san.test.SanTestPlan" tests="3" failures="0" timestamp="9 Jan 2017 11:14:04 GMT" time="0.027" errors="1">
  <testcase name="readCSV2" time="0.004" classname="com.san.test.SanTestPlan"/>
  <testcase name="readCSV3" time="0.002" classname="com.san.test.SanTestPlan">
    <error type="java.lang.AssertionError" message="Failed !!">
      <![CDATA[java.lang.AssertionError: Failed !!
	at org.testng.Assert.fail(Assert.java:94)
	at com.san.test.SanTestPlan.readCSV3(SanTestPlan.java:81)
	at sun.reflect.NativeMethodAccessorImpl.invoke0(Native Method)
	at sun.reflect.NativeMethodAccessorImpl.invoke(Unknown Source)
	at sun.reflect.DelegatingMethodAccessorImpl.invoke(Unknown Source)
	at java.lang.reflect.Method.invoke(Unknown Source)
	at org.testng.internal.MethodInvocationHelper.invokeMethod(MethodInvocationHelper.java:85)
	at org.testng.internal.Invoker.invokeMethod(Invoker.java:696)
	at org.testng.internal.Invoker.retryFailed(Invoker.java:1027)
	at org.testng.internal.Invoker.invokeTestMethods(Invoker.java:1207)
	at org.testng.internal.TestMethodWorker.invokeTestMethods(TestMethodWorker.java:124)
	at org.testng.internal.TestMethodWorker.run(TestMethodWorker.java:108)
	at org.testng.TestRunner.privateRun(TestRunner.java:767)
	at org.testng.TestRunner.run(TestRunner.java:617)
	at org.testng.SuiteRunner.runTest(SuiteRunner.java:348)
	at org.testng.SuiteRunner.access$000(SuiteRunner.java:38)
	at org.testng.SuiteRunner$SuiteWorker.run(SuiteRunner.java:382)
	at org.testng.internal.thread.ThreadUtil$2.call(ThreadUtil.java:64)
	at java.util.concurrent.FutureTask.run(Unknown Source)
	at java.util.concurrent.ThreadPoolExecutor.runWorker(Unknown Source)
	at java.util.concurrent.ThreadPoolExecutor$Worker.run(Unknown Source)
	at java.lang.Thread.run(Unknown Source)
]]>
    </error>
  </testcase> <!-- readCSV3 -->
  <testcase name="readCSV1" time="0.021" classname="com.san.test.SanTestPlan"/>
</testsuite> <!-- com.san.test.SanTestPlan -->
